\BOOKMARK [0][-]{chapter.1}{Core jQuery}{}% 1
\BOOKMARK [1][-]{section.1.1}{\044vs \044\(\)}{chapter.1}% 2
\BOOKMARK [1][-]{section.1.2}{\044\( document \).ready\(\)}{chapter.1}% 3
\BOOKMARK [1][-]{section.1.3}{Avoiding Conflicts with Other Libraries}{chapter.1}% 4
\BOOKMARK [2][-]{subsection.1.3.1}{Putting jQuery in no-Conflict Mode}{section.1.3}% 5
\BOOKMARK [2][-]{subsection.1.3.2}{Including jQuery Before Other Libraries}{section.1.3}% 6
\BOOKMARK [1][-]{section.1.4}{Attributes}{chapter.1}% 7
\BOOKMARK [1][-]{section.1.5}{Selecting Elements}{chapter.1}% 8
\BOOKMARK [2][-]{subsection.1.5.1}{Selecting Elements by ID}{section.1.5}% 9
\BOOKMARK [2][-]{subsection.1.5.2}{Selecting Elements by Class Name}{section.1.5}% 10
\BOOKMARK [2][-]{subsection.1.5.3}{Selecting Elements by Attribute}{section.1.5}% 11
\BOOKMARK [2][-]{subsection.1.5.4}{Selecting Elements by Compound CSS Selector}{section.1.5}% 12
\BOOKMARK [2][-]{subsection.1.5.5}{Does My Selection Contain Any Elements?}{section.1.5}% 13
\BOOKMARK [2][-]{subsection.1.5.6}{Saving Selections}{section.1.5}% 14
\BOOKMARK [2][-]{subsection.1.5.7}{Refining and Filtering Selections}{section.1.5}% 15
\BOOKMARK [2][-]{subsection.1.5.8}{Selecting Form Elements}{section.1.5}% 16
\BOOKMARK [1][-]{section.1.6}{Working with Selections}{chapter.1}% 17
\BOOKMARK [2][-]{subsection.1.6.1}{Chaining}{section.1.6}% 18
\BOOKMARK [1][-]{section.1.7}{Manipulating Elements}{chapter.1}% 19
\BOOKMARK [2][-]{subsection.1.7.1}{Getting and Setting Information About Elements}{section.1.7}% 20
\BOOKMARK [2][-]{subsection.1.7.2}{Moving, Copying, and Removing Elements}{section.1.7}% 21
\BOOKMARK [2][-]{subsection.1.7.3}{Cloning Elements}{section.1.7}% 22
\BOOKMARK [2][-]{subsection.1.7.4}{Removing Elements}{section.1.7}% 23
\BOOKMARK [2][-]{subsection.1.7.5}{Creating New Elements}{section.1.7}% 24
\BOOKMARK [2][-]{subsection.1.7.6}{Manipulating Attributes}{section.1.7}% 25
\BOOKMARK [1][-]{section.1.8}{The jQuery Object}{chapter.1}% 26
\BOOKMARK [2][-]{subsection.1.8.1}{DOM and DOM Elements}{section.1.8}% 27
\BOOKMARK [2][-]{subsection.1.8.2}{The jQuery Object}{section.1.8}% 28
\BOOKMARK [1][-]{section.1.9}{Traversing}{chapter.1}% 29
\BOOKMARK [2][-]{subsection.1.9.1}{Children}{section.1.9}% 30
\BOOKMARK [2][-]{subsection.1.9.2}{Siblings}{section.1.9}% 31
\BOOKMARK [1][-]{section.1.10}{CCS, Styling and Dimensions}{chapter.1}% 32
\BOOKMARK [2][-]{subsection.1.10.1}{Using CSS Classes for Styling}{section.1.10}% 33
\BOOKMARK [2][-]{subsection.1.10.2}{Dimensions}{section.1.10}% 34
\BOOKMARK [1][-]{section.1.11}{Data Methods}{chapter.1}% 35
\BOOKMARK [1][-]{section.1.12}{Utility Methods}{chapter.1}% 36
\BOOKMARK [1][-]{section.1.13}{Iterating over jQuery and non-jQuery Objects}{chapter.1}% 37
\BOOKMARK [2][-]{subsection.1.13.1}{\044.each\(\)}{section.1.13}% 38
\BOOKMARK [2][-]{subsection.1.13.2}{.each\(\)}{section.1.13}% 39
\BOOKMARK [2][-]{subsection.1.13.3}{Sometimes .each\(\) Isn't Necessary}{section.1.13}% 40
\BOOKMARK [2][-]{subsection.1.13.4}{.map\(\)}{section.1.13}% 41
\BOOKMARK [2][-]{subsection.1.13.5}{\044.map}{section.1.13}% 42
\BOOKMARK [1][-]{section.1.14}{Using jQuery's .index\(\) Function}{chapter.1}% 43
\BOOKMARK [0][-]{chapter.2}{jQuery Events}{}% 44
\BOOKMARK [1][-]{section.2.1}{jQuery Event Basics}{chapter.2}% 45
\BOOKMARK [2][-]{subsection.2.1.1}{Extending Events to New Page Elements}{section.2.1}% 46
\BOOKMARK [2][-]{subsection.2.1.2}{Inside the Event Handler Function}{section.2.1}% 47
\BOOKMARK [2][-]{subsection.2.1.3}{Setting Up Multiple Event Responses}{section.2.1}% 48
\BOOKMARK [2][-]{subsection.2.1.4}{Namespacing Events}{section.2.1}% 49
\BOOKMARK [2][-]{subsection.2.1.5}{Tearing Down Event Listeners}{section.2.1}% 50
\BOOKMARK [2][-]{subsection.2.1.6}{Setting Up Events to Run Only Once}{section.2.1}% 51
\BOOKMARK [1][-]{section.2.2}{Event Helpers}{chapter.2}% 52
\BOOKMARK [2][-]{subsection.2.2.1}{.hover\(\)}{section.2.2}% 53
\BOOKMARK [2][-]{subsection.2.2.2}{.toggle\(\)}{section.2.2}% 54
\BOOKMARK [1][-]{section.2.3}{Introducing Events}{chapter.2}% 55
\BOOKMARK [2][-]{subsection.2.3.1}{Introduction}{section.2.3}% 56
\BOOKMARK [2][-]{subsection.2.3.2}{Ways to listen for events}{section.2.3}% 57
\BOOKMARK [2][-]{subsection.2.3.3}{The event object}{section.2.3}% 58
\BOOKMARK [1][-]{section.2.4}{Handling Events}{chapter.2}% 59
\BOOKMARK [2][-]{subsection.2.4.1}{Examples}{section.2.4}% 60
\BOOKMARK [2][-]{subsection.2.4.2}{Connecting Events to Run Only Once}{section.2.4}% 61
\BOOKMARK [2][-]{subsection.2.4.3}{Disconnecting Events}{section.2.4}% 62
\BOOKMARK [1][-]{section.2.5}{Inside the Event Handling Function}{chapter.2}% 63
\BOOKMARK [1][-]{section.2.6}{Understanding Event Delagation}{chapter.2}% 64
\BOOKMARK [2][-]{subsection.2.6.1}{Event Propagation}{section.2.6}% 65
\BOOKMARK [1][-]{section.2.7}{Triggering Event Handlers}{chapter.2}% 66
\BOOKMARK [2][-]{subsection.2.7.1}{What handlers can be .trigger\(\)'d?}{section.2.7}% 67
\BOOKMARK [2][-]{subsection.2.7.2}{How can I mimic a native browser event, if not .trigger\(\)?}{section.2.7}% 68
\BOOKMARK [2][-]{subsection.2.7.3}{Don't use .trigger\(\) simply to execute specific functions}{section.2.7}% 69
\BOOKMARK [1][-]{section.2.8}{Introducing Custom Events}{chapter.2}% 70
\BOOKMARK [2][-]{subsection.2.8.1}{Conclusion}{section.2.8}% 71
\BOOKMARK [0][-]{chapter.3}{jQuery UI}{}% 72
\BOOKMARK [1][-]{section.3.1}{Getting Started With jQuery UI}{chapter.3}% 73
\BOOKMARK [2][-]{subsection.3.1.1}{Build Your Custom jQuery UI Download}{section.3.1}% 74
\BOOKMARK [2][-]{subsection.3.1.2}{Basic Overview: Using jQuery UI on a Web Page}{section.3.1}% 75
\BOOKMARK [2][-]{subsection.3.1.3}{Customizing jQuery UI to Your Needs}{section.3.1}% 76
\BOOKMARK [2][-]{subsection.3.1.4}{jQuery UI Basics: Using Options}{section.3.1}% 77
\BOOKMARK [2][-]{subsection.3.1.5}{Visual Customization: Designing a jQuery UI Theme}{section.3.1}% 78
