\BOOKMARK [0][-]{chapter.1}{Getting Started}{}% 1
\BOOKMARK [1][-]{section.1.1}{Go Tools}{chapter.1}% 2
\BOOKMARK [1][-]{section.1.2}{A Go Program}{chapter.1}% 3
\BOOKMARK [2][-]{subsection.1.2.1}{Package Declaration}{section.1.2}% 4
\BOOKMARK [2][-]{subsection.1.2.2}{Import}{section.1.2}% 5
\BOOKMARK [2][-]{subsection.1.2.3}{Comments}{section.1.2}% 6
\BOOKMARK [2][-]{subsection.1.2.4}{Function Declaration}{section.1.2}% 7
\BOOKMARK [2][-]{subsection.1.2.5}{Documentation}{section.1.2}% 8
\BOOKMARK [0][-]{chapter.2}{Types}{}% 9
\BOOKMARK [1][-]{section.2.1}{Numbers}{chapter.2}% 10
\BOOKMARK [2][-]{subsection.2.1.1}{Integers}{section.2.1}% 11
\BOOKMARK [2][-]{subsection.2.1.2}{Floating Point}{section.2.1}% 12
\BOOKMARK [1][-]{section.2.2}{Strings}{chapter.2}% 13
\BOOKMARK [1][-]{section.2.3}{Boolean}{chapter.2}% 14
\BOOKMARK [0][-]{chapter.3}{Variables}{}% 15
\BOOKMARK [1][-]{section.3.1}{Equality}{chapter.3}% 16
\BOOKMARK [1][-]{section.3.2}{Scope}{chapter.3}% 17
\BOOKMARK [1][-]{section.3.3}{Constants}{chapter.3}% 18
\BOOKMARK [1][-]{section.3.4}{Defining Multiple Variables}{chapter.3}% 19
\BOOKMARK [0][-]{chapter.4}{Control Structures}{}% 20
\BOOKMARK [1][-]{section.4.1}{for}{chapter.4}% 21
\BOOKMARK [1][-]{section.4.2}{if}{chapter.4}% 22
\BOOKMARK [1][-]{section.4.3}{switch}{chapter.4}% 23
\BOOKMARK [0][-]{chapter.5}{Arrays, Slices and Maps}{}% 24
\BOOKMARK [1][-]{section.5.1}{Arrays}{chapter.5}% 25
\BOOKMARK [2][-]{subsection.5.1.1}{Creating Arrays}{section.5.1}% 26
\BOOKMARK [2][-]{subsection.5.1.2}{Comments About Arrays}{section.5.1}% 27
\BOOKMARK [1][-]{section.5.2}{Slices}{chapter.5}% 28
\BOOKMARK [2][-]{subsection.5.2.1}{Creating Slices}{section.5.2}% 29
\BOOKMARK [2][-]{subsection.5.2.2}{Examples}{section.5.2}% 30
\BOOKMARK [2][-]{subsection.5.2.3}{Slices and Their Hidden Arrays}{section.5.2}% 31
\BOOKMARK [2][-]{subsection.5.2.4}{Slices Functions}{section.5.2}% 32
\BOOKMARK [2][-]{subsection.5.2.5}{Slice Operations}{section.5.2}% 33
\BOOKMARK [2][-]{subsection.5.2.6}{Indexing and Slicing Slices}{section.5.2}% 34
\BOOKMARK [2][-]{subsection.5.2.7}{Iterating Slices}{section.5.2}% 35
\BOOKMARK [2][-]{subsection.5.2.8}{Modifying Slices}{section.5.2}% 36
\BOOKMARK [2][-]{subsection.5.2.9}{Sorting Slices}{section.5.2}% 37
\BOOKMARK [2][-]{subsection.5.2.10}{Searching Slices}{section.5.2}% 38
\BOOKMARK [1][-]{section.5.3}{Maps}{chapter.5}% 39
\BOOKMARK [2][-]{subsection.5.3.1}{Maps Operations}{section.5.3}% 40
\BOOKMARK [2][-]{subsection.5.3.2}{Creating Maps}{section.5.3}% 41
\BOOKMARK [2][-]{subsection.5.3.3}{Map Lookups}{section.5.3}% 42
\BOOKMARK [2][-]{subsection.5.3.4}{Modifying Maps}{section.5.3}% 43
\BOOKMARK [2][-]{subsection.5.3.5}{Key-Ordered Map Iteration and Map Inversion}{section.5.3}% 44
\BOOKMARK [2][-]{subsection.5.3.6}{Other Examples with Maps}{section.5.3}% 45
\BOOKMARK [0][-]{chapter.6}{Functions}{}% 46
\BOOKMARK [1][-]{section.6.1}{Basic Concepts}{chapter.6}% 47
\BOOKMARK [1][-]{section.6.2}{Returning Multiple Values}{chapter.6}% 48
\BOOKMARK [1][-]{section.6.3}{Variadic Functions}{chapter.6}% 49
\BOOKMARK [1][-]{section.6.4}{Closure}{chapter.6}% 50
\BOOKMARK [1][-]{section.6.5}{Recursion}{chapter.6}% 51
\BOOKMARK [1][-]{section.6.6}{Defer, Panic and Recover}{chapter.6}% 52
\BOOKMARK [0][-]{chapter.7}{Pointers}{}% 53
\BOOKMARK [1][-]{section.7.1}{The * and the \046 operators}{chapter.7}% 54
\BOOKMARK [1][-]{section.7.2}{More on Pointers}{chapter.7}% 55
\BOOKMARK [2][-]{subsection.7.2.1}{\046 Operator, the Address of Operator}{section.7.2}% 56
\BOOKMARK [2][-]{subsection.7.2.2}{* Operator, the Contents of Operator}{section.7.2}% 57
\BOOKMARK [1][-]{section.7.3}{new}{chapter.7}% 58
\BOOKMARK [1][-]{section.7.4}{More about new\(\)}{chapter.7}% 59
\BOOKMARK [1][-]{section.7.5}{Reference Types}{chapter.7}% 60
\BOOKMARK [1][-]{section.7.6}{Variables Holding Functions}{chapter.7}% 61
\BOOKMARK [0][-]{chapter.8}{Structs and Interfaces}{}% 62
\BOOKMARK [1][-]{section.8.1}{Structs}{chapter.8}% 63
\BOOKMARK [2][-]{subsection.8.1.1}{Initialization}{section.8.1}% 64
\BOOKMARK [2][-]{subsection.8.1.2}{Fields}{section.8.1}% 65
\BOOKMARK [1][-]{section.8.2}{Methods}{chapter.8}% 66
\BOOKMARK [2][-]{subsection.8.2.1}{Embedded Types}{section.8.2}% 67
\BOOKMARK [1][-]{section.8.3}{Interfaces}{chapter.8}% 68
\BOOKMARK [0][-]{chapter.9}{Concurrency}{}% 69
\BOOKMARK [1][-]{section.9.1}{Goroutines}{chapter.9}% 70
\BOOKMARK [1][-]{section.9.2}{Channels}{chapter.9}% 71
\BOOKMARK [2][-]{subsection.9.2.1}{Channel Direction}{section.9.2}% 72
\BOOKMARK [2][-]{subsection.9.2.2}{Select}{section.9.2}% 73
\BOOKMARK [0][-]{chapter.10}{Packages}{}% 74
\BOOKMARK [1][-]{section.10.1}{Creating Packages}{chapter.10}% 75
\BOOKMARK [1][-]{section.10.2}{Documentation}{chapter.10}% 76
\BOOKMARK [0][-]{chapter.11}{Testing}{}% 77
\BOOKMARK [0][-]{chapter.12}{Core Packages}{}% 78
\BOOKMARK [1][-]{section.12.1}{Strings}{chapter.12}% 79
\BOOKMARK [1][-]{section.12.2}{Files and Folders}{chapter.12}% 80
\BOOKMARK [1][-]{section.12.3}{Containers and Sort}{chapter.12}% 81
\BOOKMARK [2][-]{subsection.12.3.1}{List}{section.12.3}% 82
\BOOKMARK [2][-]{subsection.12.3.2}{Sort}{section.12.3}% 83
\BOOKMARK [0][-]{chapter.13}{Commentary}{}% 84
